This is pdfTeX, Version 3.141592653-2.6-1.40.25 (MiKTeX 24.1) (preloaded format=pdflatex 2024.2.29)  29 FEB 2024 10:22
entering extended mode
 restricted \write18 enabled.
 %&-line parsing enabled.
**C:/Users/woo/Documents/electrodynamic_tether/draft.tex
(C:/Users/woo/Documents/electrodynamic_tether/draft.tex
LaTeX2e <2023-11-01> patch level 1
L3 programming layer <2024-01-04>

! LaTeX Error: File `new-aiaa.cls' not found.

Type X to quit or <RETURN> to proceed,
or enter new name. (Default extension: cls)

Enter file name: 
(C:\Users\woo\AppData\Local\Programs\MiKTeX\tex/latex/base\inputenc.sty
Package: inputenc 2021/02/14 v1.3d Input encoding file
\inpenc@prehook=\toks17
\inpenc@posthook=\toks18
)
(C:\Users\woo\AppData\Local\Programs\MiKTeX\tex/latex/graphics\graphicx.sty
Package: graphicx 2021/09/16 v1.2d Enhanced LaTeX Graphics (DPC,SPQR)

(C:\Users\woo\AppData\Local\Programs\MiKTeX\tex/latex/graphics\keyval.sty
Package: keyval 2022/05/29 v1.15 key=value parser (DPC)
\KV@toks@=\toks19
)
(C:\Users\woo\AppData\Local\Programs\MiKTeX\tex/latex/graphics\graphics.sty
Package: graphics 2022/03/10 v1.4e Standard LaTeX Graphics (DPC,SPQR)

(C:\Users\woo\AppData\Local\Programs\MiKTeX\tex/latex/graphics\trig.sty
Package: trig 2021/08/11 v1.11 sin cos tan (DPC)
)
(C:\Users\woo\AppData\Local\Programs\MiKTeX\tex/latex/graphics-cfg\graphics.cfg
File: graphics.cfg 2016/06/04 v1.11 sample graphics configuration
)
Package graphics Info: Driver file: pdftex.def on input line 107.
 (C:\Users\woo\AppData\Local\Programs\MiKTeX\tex/latex/graphics-def\pdftex.def
File: pdftex.def 2022/09/22 v1.2b Graphics/color driver for pdftex
))
\Gin@req@height=\dimen140
\Gin@req@width=\dimen141
) (C:\Users\woo\AppData\Local\Programs\MiKTeX\tex/latex/amsmath\amsmath.sty
Package: amsmath 2023/05/13 v2.17o AMS math features
\@mathmargin=\skip48

For additional information on amsmath, use the `?' option.
(C:\Users\woo\AppData\Local\Programs\MiKTeX\tex/latex/amsmath\amstext.sty
Package: amstext 2021/08/26 v2.01 AMS text

(C:\Users\woo\AppData\Local\Programs\MiKTeX\tex/latex/amsmath\amsgen.sty
File: amsgen.sty 1999/11/30 v2.0 generic functions
\@emptytoks=\toks20
\ex@=\dimen142
))
(C:\Users\woo\AppData\Local\Programs\MiKTeX\tex/latex/amsmath\amsbsy.sty
Package: amsbsy 1999/11/29 v1.2d Bold Symbols
\pmbraise@=\dimen143
)
(C:\Users\woo\AppData\Local\Programs\MiKTeX\tex/latex/amsmath\amsopn.sty
Package: amsopn 2022/04/08 v2.04 operator names
)
\inf@bad=\count187
LaTeX Info: Redefining \frac on input line 234.
\uproot@=\count188
\leftroot@=\count189
LaTeX Info: Redefining \overline on input line 399.
LaTeX Info: Redefining \colon on input line 410.
\classnum@=\count190
\DOTSCASE@=\count191
LaTeX Info: Redefining \ldots on input line 496.
LaTeX Info: Redefining \dots on input line 499.
LaTeX Info: Redefining \cdots on input line 620.
\Mathstrutbox@=\box51
\strutbox@=\box52
LaTeX Info: Redefining \big on input line 722.
LaTeX Info: Redefining \Big on input line 723.
LaTeX Info: Redefining \bigg on input line 724.
LaTeX Info: Redefining \Bigg on input line 725.
\big@size=\dimen144
LaTeX Font Info:    Redeclaring font encoding OML on input line 743.
LaTeX Font Info:    Redeclaring font encoding OMS on input line 744.
\macc@depth=\count192
LaTeX Info: Redefining \bmod on input line 905.
LaTeX Info: Redefining \pmod on input line 910.
LaTeX Info: Redefining \smash on input line 940.
LaTeX Info: Redefining \relbar on input line 970.
LaTeX Info: Redefining \Relbar on input line 971.
\c@MaxMatrixCols=\count193
\dotsspace@=\muskip16
\c@parentequation=\count194
\dspbrk@lvl=\count195
\tag@help=\toks21
\row@=\count196
\column@=\count197
\maxfields@=\count198
\andhelp@=\toks22
\eqnshift@=\dimen145
\alignsep@=\dimen146
\tagshift@=\dimen147
\tagwidth@=\dimen148
\totwidth@=\dimen149
\lineht@=\dimen150
\@envbody=\toks23
\multlinegap=\skip49
\multlinetaggap=\skip50
\mathdisplay@stack=\toks24
LaTeX Info: Redefining \[ on input line 2953.
LaTeX Info: Redefining \] on input line 2954.
)
(C:\Users\woo\AppData\Local\Programs\MiKTeX\tex/latex/mhchem\mhchem.sty
Package: mhchem 2024/01/29 v4.10 for typesetting chemical formulae

(C:\Users\woo\AppData\Local\Programs\MiKTeX\tex/latex/l3kernel\expl3.sty
Package: expl3 2024-01-04 L3 programming layer (loader) 

(C:\Users\woo\AppData\Local\Programs\MiKTeX\tex/latex/l3backend\l3backend-pdfte
x.def
File: l3backend-pdftex.def 2024-01-04 L3 backend support: PDF output (pdfTeX)
\l__color_backend_stack_int=\count199
\l__pdf_internal_box=\box53
))
(C:\Users\woo\AppData\Local\Programs\MiKTeX\tex/latex/l3packages/l3keys2e\l3key
s2e.sty
Package: l3keys2e 2023-10-10 LaTeX2e option processing using LaTeX3 keys
) (C:\Users\woo\AppData\Local\Programs\MiKTeX\tex/latex/tools\calc.sty
Package: calc 2023/07/08 v4.3 Infix arithmetic (KKT,FJ)
\calc@Acount=\count266
\calc@Bcount=\count267
\calc@Adimen=\dimen151
\calc@Bdimen=\dimen152
\calc@Askip=\skip51
\calc@Bskip=\skip52
LaTeX Info: Redefining \setlength on input line 80.
LaTeX Info: Redefining \addtolength on input line 81.
\calc@Ccount=\count268
\calc@Cskip=\skip53
)
(C:\Users\woo\AppData\Local\Programs\MiKTeX\tex/latex/chemgreek\chemgreek.sty
(C:\Users\woo\AppData\Local\Programs\MiKTeX\tex/latex/l3packages/xparse\xparse.
sty
Package: xparse 2023-10-10 L3 Experimental document command parser
)
Package: chemgreek 2020/01/16 v1.1a interface for upright Greek letters for use
 in chemistry (CN)
\l__chemgreek_tmpa_int=\count269
\g__chemgreek_tmpa_int=\count270
)
\l__mhchem_ce_distanceFromLastComma_int=\count271
\__mhchem_arrow_extPgfLength_skip=\skip54
\mhchem@minispace@tmp=\skip55
\mhchem@minibackspace@tmp=\skip56
\mhchem@bondwidth=\skip57
\mhchem@bondheight=\skip58
\mhchem@smallbondwidth@tmpA=\skip59
\mhchem@smallbondwidth@tmpB=\skip60
\mhchem@smallbondwidth=\skip61
\mhchem@bondtmp@minussidebearingleft=\skip62
\mhchem@bondtmp@minussidebearingright=\skip63
\l__mhchem_option_version_int=\count272
\mhchem@option@minusmathsidebearingleft=\dimen153
\mhchem@option@minusmathsidebearingright=\dimen154
\mhchem@option@minustextsidebearingleft=\dimen155
\mhchem@option@minustextsidebearingright=\dimen156
)
(C:\Users\woo\AppData\Local\Programs\MiKTeX\tex/latex/siunitx\siunitx.sty
Package: siunitx 2024-02-15 v3.3.12 A comprehensive (SI) units package
\l__siunitx_number_uncert_offset_int=\count273
\l__siunitx_number_exponent_fixed_int=\count274
\l__siunitx_number_min_decimal_int=\count275
\l__siunitx_number_min_integer_int=\count276
\l__siunitx_number_round_precision_int=\count277
\l__siunitx_number_lower_threshold_int=\count278
\l__siunitx_number_upper_threshold_int=\count279
\l__siunitx_number_group_first_int=\count280
\l__siunitx_number_group_size_int=\count281
\l__siunitx_number_group_minimum_int=\count282
\l__siunitx_angle_tmp_dim=\dimen157
\l__siunitx_angle_marker_box=\box54
\l__siunitx_angle_unit_box=\box55
\l__siunitx_compound_count_int=\count283

(C:\Users\woo\AppData\Local\Programs\MiKTeX\tex/latex/translations\translations
.sty
Package: translations 2022/02/05 v1.12 internationalization of LaTeX2e packages
 (CN)

(C:\Users\woo\AppData\Local\Programs\MiKTeX\tex/latex/etoolbox\etoolbox.sty
Package: etoolbox 2020/10/05 v2.5k e-TeX tools for LaTeX (JAW)
\etb@tempcnta=\count284
)
(C:\Users\woo\AppData\Local\Programs\MiKTeX\tex/generic/pdftexcmds\pdftexcmds.s
ty
Package: pdftexcmds 2020-06-27 v0.33 Utility functions of pdfTeX for LuaTeX (HO
)

(C:\Users\woo\AppData\Local\Programs\MiKTeX\tex/generic/infwarerr\infwarerr.sty
Package: infwarerr 2019/12/03 v1.5 Providing info/warning/error messages (HO)
) (C:\Users\woo\AppData\Local\Programs\MiKTeX\tex/generic/iftex\iftex.sty
Package: iftex 2022/02/03 v1.0f TeX engine tests
)
(C:\Users\woo\AppData\Local\Programs\MiKTeX\tex/generic/ltxcmds\ltxcmds.sty
Package: ltxcmds 2023-12-04 v1.26 LaTeX kernel commands for general use (HO)
)
Package pdftexcmds Info: \pdf@primitive is available.
Package pdftexcmds Info: \pdf@ifprimitive is available.
Package pdftexcmds Info: \pdfdraftmode found.
))
\l__siunitx_table_tmp_box=\box56
\l__siunitx_table_tmp_dim=\dimen158
\l__siunitx_table_column_width_dim=\dimen159
\l__siunitx_table_integer_box=\box57
\l__siunitx_table_decimal_box=\box58
\l__siunitx_table_uncert_box=\box59
\l__siunitx_table_before_box=\box60
\l__siunitx_table_after_box=\box61
\l__siunitx_table_before_dim=\dimen160
\l__siunitx_table_carry_dim=\dimen161
\l__siunitx_unit_tmp_int=\count285
\l__siunitx_unit_position_int=\count286
\l__siunitx_unit_total_int=\count287

(C:\Users\woo\AppData\Local\Programs\MiKTeX\tex/latex/tools\array.sty
Package: array 2023/10/16 v2.5g Tabular extension package (FMi)
\col@sep=\dimen162
\ar@mcellbox=\box62
\extrarowheight=\dimen163
\NC@list=\toks25
\extratabsurround=\skip64
\backup@length=\skip65
\ar@cellbox=\box63
))
(C:\Users\woo\AppData\Local\Programs\MiKTeX\tex/latex/tools\longtable.sty
Package: longtable 2023-11-01 v4.19 Multi-page Table package (DPC)
\LTleft=\skip66
\LTright=\skip67
\LTpre=\skip68
\LTpost=\skip69
\LTchunksize=\count288
\LTcapwidth=\dimen164
\LT@head=\box64
\LT@firsthead=\box65
\LT@foot=\box66
\LT@lastfoot=\box67
\LT@gbox=\box68
\LT@cols=\count289
\LT@rows=\count290
\c@LT@tables=\count291
\c@LT@chunks=\count292
\c@table=\count293
\LT@p@ftn=\toks26
)
(C:\Users\woo\AppData\Local\Programs\MiKTeX\tex/latex/tools\tabularx.sty
Package: tabularx 2023/07/08 v2.11c `tabularx' package (DPC)
\TX@col@width=\dimen165
\TX@old@table=\dimen166
\TX@old@col=\dimen167
\TX@target=\dimen168
\TX@delta=\dimen169
\TX@cols=\count294
\TX@ftn=\toks27
)
! Undefined control sequence.
l.15 \affil
           {Business or Academic Affiliation 1, City, State, Zip Code}
? 

! LaTeX Error: Missing \begin{document}.

See the LaTeX manual or LaTeX Companion for explanation.
Type  H <return>  for immediate help.
 ...                                              
                                                  
l.15 \affil{B
             usiness or Academic Affiliation 1, City, State, Zip Code}
? 
Missing character: There is no B in font nullfont!
Missing character: There is no u in font nullfont!
Missing character: There is no s in font nullfont!
Missing character: There is no i in font nullfont!
Missing character: There is no n in font nullfont!
Missing character: There is no e in font nullfont!
Missing character: There is no s in font nullfont!
Missing character: There is no s in font nullfont!
Missing character: There is no o in font nullfont!
Missing character: There is no r in font nullfont!
Missing character: There is no A in font nullfont!
Missing character: There is no c in font nullfont!
Missing character: There is no a in font nullfont!
Missing character: There is no d in font nullfont!
Missing character: There is no e in font nullfont!
Missing character: There is no m in font nullfont!
Missing character: There is no i in font nullfont!
Missing character: There is no c in font nullfont!
Missing character: There is no A in font nullfont!
Missing character: There is no f in font nullfont!
Missing character: There is no f in font nullfont!
Missing character: There is no i in font nullfont!
Missing character: There is no l in font nullfont!
Missing character: There is no i in font nullfont!
Missing character: There is no a in font nullfont!
Missing character: There is no t in font nullfont!
Missing character: There is no i in font nullfont!
Missing character: There is no o in font nullfont!
Missing character: There is no n in font nullfont!
Missing character: There is no 1 in font nullfont!
Missing character: There is no , in font nullfont!
Missing character: There is no C in font nullfont!
Missing character: There is no i in font nullfont!
Missing character: There is no t in font nullfont!
Missing character: There is no y in font nullfont!
Missing character: There is no , in font nullfont!
Missing character: There is no S in font nullfont!
Missing character: There is no t in font nullfont!
Missing character: There is no a in font nullfont!
Missing character: There is no t in font nullfont!
Missing character: There is no e in font nullfont!
Missing character: There is no , in font nullfont!
Missing character: There is no Z in font nullfont!
Missing character: There is no i in font nullfont!
Missing character: There is no p in font nullfont!
Missing character: There is no C in font nullfont!
Missing character: There is no o in font nullfont!
Missing character: There is no d in font nullfont!
Missing character: There is no e in font nullfont!
! Undefined control sequence.
l.17 \affil
           {Business or Academic Affiliation 2, City, Province, Zip Code, Co...

? 
Missing character: There is no B in font nullfont!
Missing character: There is no u in font nullfont!
Missing character: There is no s in font nullfont!
Missing character: There is no i in font nullfont!
Missing character: There is no n in font nullfont!
Missing character: There is no e in font nullfont!
Missing character: There is no s in font nullfont!
Missing character: There is no s in font nullfont!
Missing character: There is no o in font nullfont!
Missing character: There is no r in font nullfont!
Missing character: There is no A in font nullfont!
Missing character: There is no c in font nullfont!
Missing character: There is no a in font nullfont!
Missing character: There is no d in font nullfont!
Missing character: There is no e in font nullfont!
Missing character: There is no m in font nullfont!
Missing character: There is no i in font nullfont!
Missing character: There is no c in font nullfont!
Missing character: There is no A in font nullfont!
Missing character: There is no f in font nullfont!
Missing character: There is no f in font nullfont!
Missing character: There is no i in font nullfont!
Missing character: There is no l in font nullfont!
Missing character: There is no i in font nullfont!
Missing character: There is no a in font nullfont!
Missing character: There is no t in font nullfont!
Missing character: There is no i in font nullfont!
Missing character: There is no o in font nullfont!
Missing character: There is no n in font nullfont!
Missing character: There is no 2 in font nullfont!
Missing character: There is no , in font nullfont!
Missing character: There is no C in font nullfont!
Missing character: There is no i in font nullfont!
Missing character: There is no t in font nullfont!
Missing character: There is no y in font nullfont!
Missing character: There is no , in font nullfont!
Missing character: There is no P in font nullfont!
Missing character: There is no r in font nullfont!
Missing character: There is no o in font nullfont!
Missing character: There is no v in font nullfont!
Missing character: There is no i in font nullfont!
Missing character: There is no n in font nullfont!
Missing character: There is no c in font nullfont!
Missing character: There is no e in font nullfont!
Missing character: There is no , in font nullfont!
Missing character: There is no Z in font nullfont!
Missing character: There is no i in font nullfont!
Missing character: There is no p in font nullfont!
Missing character: There is no C in font nullfont!
Missing character: There is no o in font nullfont!
Missing character: There is no d in font nullfont!
Missing character: There is no e in font nullfont!
Missing character: There is no , in font nullfont!
Missing character: There is no C in font nullfont!
Missing character: There is no o in font nullfont!
Missing character: There is no u in font nullfont!
Missing character: There is no n in font nullfont!
Missing character: There is no t in font nullfont!
Missing character: There is no r in font nullfont!
Missing character: There is no y in font nullfont!
! Undefined control sequence.
l.19 \affil
           {Business or Academic Affiliation 2, City, State, Zip Code}
? 
Missing character: There is no B in font nullfont!
Missing character: There is no u in font nullfont!
Missing character: There is no s in font nullfont!
Missing character: There is no i in font nullfont!
Missing character: There is no n in font nullfont!
Missing character: There is no e in font nullfont!
Missing character: There is no s in font nullfont!
Missing character: There is no s in font nullfont!
Missing character: There is no o in font nullfont!
Missing character: There is no r in font nullfont!
Missing character: There is no A in font nullfont!
Missing character: There is no c in font nullfont!
Missing character: There is no a in font nullfont!
Missing character: There is no d in font nullfont!
Missing character: There is no e in font nullfont!
Missing character: There is no m in font nullfont!
Missing character: There is no i in font nullfont!
Missing character: There is no c in font nullfont!
Missing character: There is no A in font nullfont!
Missing character: There is no f in font nullfont!
Missing character: There is no f in font nullfont!
Missing character: There is no i in font nullfont!
Missing character: There is no l in font nullfont!
Missing character: There is no i in font nullfont!
Missing character: There is no a in font nullfont!
Missing character: There is no t in font nullfont!
Missing character: There is no i in font nullfont!
Missing character: There is no o in font nullfont!
Missing character: There is no n in font nullfont!
Missing character: There is no 2 in font nullfont!
Missing character: There is no , in font nullfont!
Missing character: There is no C in font nullfont!
Missing character: There is no i in font nullfont!
Missing character: There is no t in font nullfont!
Missing character: There is no y in font nullfont!
Missing character: There is no , in font nullfont!
Missing character: There is no S in font nullfont!
Missing character: There is no t in font nullfont!
Missing character: There is no a in font nullfont!
Missing character: There is no t in font nullfont!
Missing character: There is no e in font nullfont!
Missing character: There is no , in font nullfont!
Missing character: There is no Z in font nullfont!
Missing character: There is no i in font nullfont!
Missing character: There is no p in font nullfont!
Missing character: There is no C in font nullfont!
Missing character: There is no o in font nullfont!
Missing character: There is no d in font nullfont!
Missing character: There is no e in font nullfont!

Overfull \hbox (20.0pt too wide) in paragraph at lines 15--20
[]
 []

Package translations Info: No language package found. I am going to use `englis
h' as default language. on input line 21.
(C:\Users\woo\AppData\Local\Programs\MiKTeX\tex/latex/graphics\color.sty
Package: color 2022/01/06 v1.3d Standard LaTeX Color (DPC)

(C:\Users\woo\AppData\Local\Programs\MiKTeX\tex/latex/graphics-cfg\color.cfg
File: color.cfg 2016/01/02 v1.6 sample color configuration
)
Package color Info: Driver file: pdftex.def on input line 149.

(C:\Users\woo\AppData\Local\Programs\MiKTeX\tex/latex/graphics\mathcolor.ltx))
No file draft.aux.
\openout1 = `draft.aux'.

LaTeX Font Info:    Checking defaults for OML/cmm/m/it on input line 21.
LaTeX Font Info:    ... okay on input line 21.
LaTeX Font Info:    Checking defaults for OMS/cmsy/m/n on input line 21.
LaTeX Font Info:    ... okay on input line 21.
LaTeX Font Info:    Checking defaults for OT1/cmr/m/n on input line 21.
LaTeX Font Info:    ... okay on input line 21.
LaTeX Font Info:    Checking defaults for T1/cmr/m/n on input line 21.
LaTeX Font Info:    ... okay on input line 21.
LaTeX Font Info:    Checking defaults for TS1/cmr/m/n on input line 21.
LaTeX Font Info:    ... okay on input line 21.
LaTeX Font Info:    Checking defaults for OMX/cmex/m/n on input line 21.
LaTeX Font Info:    ... okay on input line 21.
LaTeX Font Info:    Checking defaults for U/cmr/m/n on input line 21.
LaTeX Font Info:    ... okay on input line 21.

! LaTeX Error: The font size command \normalsize is not defined:
               there is probably something wrong with the class file.

See the LaTeX manual or LaTeX Companion for explanation.
Type  H <return>  for immediate help.
 ...                                              
                                                  
l.21 \begin{document}
                     
? 

(C:\Users\woo\AppData\Local\Programs\MiKTeX\tex/context/base/mkii\supp-pdf.mkii
[Loading MPS to PDF converter (version 2006.09.02).]
\scratchcounter=\count295
\scratchdimen=\dimen170
\scratchbox=\box69
\nofMPsegments=\count296
\nofMParguments=\count297
\everyMPshowfont=\toks28
\MPscratchCnt=\count298
\MPscratchDim=\dimen171
\MPnumerator=\count299
\makeMPintoPDFobject=\count300
\everyMPtoPDFconversion=\toks29
)
(C:\Users\woo\AppData\Local\Programs\MiKTeX\tex/latex/epstopdf-pkg\epstopdf-bas
e.sty
Package: epstopdf-base 2020-01-24 v2.11 Base part for package epstopdf
Package epstopdf-base Info: Redefining graphics rule for `.eps' on input line 4
85.

(C:\Users\woo\AppData\Local\Programs\MiKTeX\tex/latex/00miktex\epstopdf-sys.cfg
File: epstopdf-sys.cfg 2021/03/18 v2.0 Configuration of epstopdf for MiKTeX
))

Package chemgreek Info: Activating mapping `default' on line 21.


(C:\Users\woo\AppData\Local\Programs\MiKTeX\tex/latex/translations/dicts\transl
ations-basic-dictionary-english.trsl
File: translations-basic-dictionary-english.trsl (english translation file `tra
nslations-basic-dictionary')
)
Package translations Info: loading dictionary `translations-basic-dictionary' f
or `english'. on input line 21.

! Undefined control sequence.
l.23 \maketitle
               
? 

! LaTeX Error: Environment abstract undefined.

See the LaTeX manual or LaTeX Companion for explanation.
Type  H <return>  for immediate help.
 ...                                              
                                                  
l.25 \begin{abstract}
                     
? 

! LaTeX Error: \begin{document} ended by \end{abstract}.

See the LaTeX manual or LaTeX Companion for explanation.
Type  H <return>  for immediate help.
 ...                                              
                                                  
l.27 \end{abstract}
                   
? 
! Undefined control sequence.
l.29 \section
             {Nomenclature}
? 

! LaTeX Error: Environment longtable* undefined.

See the LaTeX manual or LaTeX Companion for explanation.
Type  H <return>  for immediate help.
 ...                                              
                                                  
l.32 \noindent\begin{longtable*}
                                {@{}l @{\quad=\quad} l@{}}
? 
! Misplaced alignment tab character &.
l.33 $A$  &
            amplitude of oscillation \\
? 
! Misplaced alignment tab character &.
l.34 $a$ &
              cylinder diameter \\
? 
! Misplaced alignment tab character &.
l.35 $C_p$&
            pressure coefficient \\
? 
! Misplaced alignment tab character &.
l.36 $Cx$ &
            force coefficient in the \textit{x} direction \\
? 
! Misplaced alignment tab character &.
l.37 $Cy$ &
            force coefficient in the \textit{y} direction \\
? 
! Misplaced alignment tab character &.
l.38 c   &
           chord \\
? 
! Misplaced alignment tab character &.
l.39 d$t$ &
            time step \\
? 
! Misplaced alignment tab character &.
l.40 $Fx$ &
            $X$ component of the resultant pressure force acting on the vehi...

? 
! Misplaced alignment tab character &.
l.41 $Fy$ &
            $Y$ component of the resultant pressure force acting on the vehi...

? 
! Misplaced alignment tab character &.
l.42 $f, g$   &
                generic functions \\
? 
! Misplaced alignment tab character &.
l.43 $h$  &
            height \\
? 
! Misplaced alignment tab character &.
l.44 $i$  &
            time index during navigation \\
? 
! Misplaced alignment tab character &.
l.45 $j$  &
            waypoint index \\
? 
! Misplaced alignment tab character &.
l.46 $K$  &
            trailing-edge (TE) nondimensional angular deflection rate
? 

! LaTeX Error: \begin{document} ended by \end{longtable*}.

See the LaTeX manual or LaTeX Companion for explanation.
Type  H <return>  for immediate help.
 ...                                              
                                                  
l.47 \end{longtable*}
                     }
? 
! Undefined control sequence.
l.49 \section
             {Introduction}
? 
! Undefined control sequence.
l.50 \lettrine
              {T}{his} document is a \LaTeX{} template for preparation of pa...

? 
! Undefined control sequence.
l.52 Authors using \url
                       {https://www.overleaf.com} may simply open the AIAA t...

? 
! Undefined control sequence.
l.54 \section
             {Procedure for Paper Submission}
? 
! Undefined control sequence.
l.62 \section
             {General Guidelines}
? 
! Undefined control sequence.
l.66 \subsection
                {Publication by AIAA}
? 
! Undefined control sequence.
l.76 \subsection
                {Paper Review and Visa Considerations}
? 
! Undefined control sequence.
l.84 ...isa Invitation Letter Request Form at \url
                                                  {https://www.aiaa.org/Seco...

? 
! Undefined control sequence.
l.84 ...ou may contact the Event Registrar at \url
                                                  {invitation@aiaa.org} for ...

? 
! Undefined control sequence.
l.86 \subsection
                {Control ID Number vs Paper Number}
? 
! Undefined control sequence.
l.90 \subsection
                {Copyright}
? 
! Undefined control sequence.
l.101 ...A’s Rights and Permissions page at \url
                                                  {www.aiaa.org} for more in...

? 
! Undefined control sequence.
l.103 \subsection
                 {Submission Deadlines}
? 
! Undefined control sequence.
l.115 \section
              {Detailed Formatting Instructions}
? 
! Undefined control sequence.
l.121 \subsection
                 {Document Text}
? 

! LaTeX Error: Environment quoting undefined.

See the LaTeX manual or LaTeX Companion for explanation.
Type  H <return>  for immediate help.
 ...                                              
                                                  
l.124 \begin{quoting}
                     
? 

! LaTeX Error: \begin{document} ended by \end{quoting}.

See the LaTeX manual or LaTeX Companion for explanation.
Type  H <return>  for immediate help.
 ...                                              
                                                  
l.126 \end{quoting}
                   
? 
! Undefined control sequence.
l.130 \subsection
                 {Headings}
? 
! Undefined control sequence.
l.140 \subsection
                 {Abstract}
? 
! Undefined control sequence.
l.143 \subsection
                 {Nomenclature}
? 
! Undefined control sequence.
l.146 \subsection
                 {Footnotes and References}
? 
! Undefined control sequence.
<write> ...: Citation `\@citeb ' on page \thepage 
                                                  \space undefined\on@line .
l.149 ...es in the text \cite{vatistas1986reverse}
                                                  , including citations that...

? 

LaTeX Warning: Citation `vatistas1986reverse' on page  undefined on input line 
149.

! Undefined control sequence.
<write> ...: Citation `\@citeb ' on page \thepage 
                                                  \space undefined\on@line .
l.149 ... is shown in \cite{dornheim1996planetary}
                                                   that\ldots '') or follow ...

? 

LaTeX Warning: Citation `dornheim1996planetary' on page  undefined on input lin
e 149.

! Undefined control sequence.
<write> ...: Citation `\@citeb ' on page \thepage 
                                                  \space undefined\on@line .
l.149 ...{2} + B = C$ (Ref.~\cite{terster1997nasa}
                                                  ).'' For multiple citation...

? 

LaTeX Warning: Citation `terster1997nasa' on page  undefined on input line 149.


! Undefined control sequence.
<write> ...: Citation `\@citeb ' on page \thepage 
                                                  \space undefined\on@line .
l.149 ...omputational,oates1997aerothermodynamics}
                                                  , or use a dash to show a ...

? 

LaTeX Warning: Citation `peyret2012computational' on page  undefined on input l
ine 149.

! Undefined control sequence.
<write> ...: Citation `\@citeb ' on page \thepage 
                                                  \space undefined\on@line .
l.149 ...omputational,oates1997aerothermodynamics}
                                                  , or use a dash to show a ...

? 

LaTeX Warning: Citation `oates1997aerothermodynamics' on page  undefined on inp
ut line 149.

! Undefined control sequence.
<write> ...: Citation `\@citeb ' on page \thepage 
                                                  \space undefined\on@line .
l.149 ...acecraft,chi1993fluid,brandis2016nonequi}
                                                  . Reference citations in t...

? 

LaTeX Warning: Citation `volpe1994techniques' on page  undefined on input line 
149.

! Undefined control sequence.
<write> ...: Citation `\@citeb ' on page \thepage 
                                                  \space undefined\on@line .
l.149 ...acecraft,chi1993fluid,brandis2016nonequi}
                                                  . Reference citations in t...

? 

LaTeX Warning: Citation `thompsonspacecraft' on page  undefined on input line 1
49.

! Undefined control sequence.
<write> ...: Citation `\@citeb ' on page \thepage 
                                                  \space undefined\on@line .
l.149 ...acecraft,chi1993fluid,brandis2016nonequi}
                                                  . Reference citations in t...

? 

LaTeX Warning: Citation `chi1993fluid' on page  undefined on input line 149.

! Undefined control sequence.
<write> ...: Citation `\@citeb ' on page \thepage 
                                                  \space undefined\on@line .
l.149 ...acecraft,chi1993fluid,brandis2016nonequi}
                                                  . Reference citations in t...

? 

LaTeX Warning: Citation `brandis2016nonequi' on page  undefined on input line 1
49.

! Undefined control sequence.
l.155 \subsection
                 {Images, Figures and Tables}
? 

! LaTeX Error: Environment figure undefined.

See the LaTeX manual or LaTeX Companion for explanation.
Type  H <return>  for immediate help.
 ...                                              
                                                  
l.176 \begin{figure}
                    [hbt!]
? 

! LaTeX Error: File `graph' not found.

See the LaTeX manual or LaTeX Companion for explanation.
Type  H <return>  for immediate help.
 ...                                              
                                                  
l.178 \includegraphics[width=.5\textwidth]{graph}
                                                 
? 

! LaTeX Error: \caption outside float.

See the LaTeX manual or LaTeX Companion for explanation.
Type  H <return>  for immediate help.
 ...                                              
                                                  
l.179 \caption
              {Magnetization as a function of applied fields.}
? 

! LaTeX Error: \begin{document} ended by \end{figure}.

See the LaTeX manual or LaTeX Companion for explanation.
Type  H <return>  for immediate help.
 ...                                              
                                                  
l.180 \end{figure}
                  
? 
! Undefined control sequence.
l.188 \subsection
                 {Equations, Numbers, Symbols, and Abbreviations}
? 
! Undefined control sequence.
<write> ...nce `sample:equation' on page \thepage 
                                                  \space undefined\on@line .
l.189 ... right, as in Eq.~\eqref{sample:equation}
                                                  . Insert a blank line abov...

? 

LaTeX Warning: Reference `sample:equation' on page  undefined on input line 189
.

! Undefined control sequence.
l.195 \int^{r_2}_0 F(r,\varphi){\rm
                                    d}r\,{\rm d}\varphi = [\sigma r_2/(2\mu_...

? 
! Undefined control sequence.
l.195 \int^{r_2}_0 F(r,\varphi){\rm d}r\,{\rm
                                              d}\varphi = [\sigma r_2/(2\mu_...

? 
! Undefined control sequence.
l.195 ...lambda r_2)J_0 (\lambda r_i\,\lambda {\rm
                                                   d}\lambda)
? 
! Undefined control sequence.
l.202 \subsection
                 {General Grammar and Preferred Usage}
? 
! Undefined control sequence.
l.220 \section
              {Conclusion}
? 
! Undefined control sequence.
l.224 \section
              *{Appendix}
? 
! Undefined control sequence.
l.228 \section
              *{Acknowledgments}
? 
No file draft.bbl.

! LaTeX Error: The font size command \normalsize is not defined:
               there is probably something wrong with the class file.

See the LaTeX manual or LaTeX Companion for explanation.
Type  H <return>  for immediate help.
 ...                                              
                                                  
l.233 \end{document}
                    
? 
[1{C:/Users/woo/AppData/Local/MiKTeX/fonts/map/pdftex/pdftex.map}
! Undefined control sequence.
<write> \newlabel{sample:equation}{{1}{\thepage 
                                                }{}{}{}}
l.233 \end{document}
                    
? 
] (draft.aux)
 ***********
LaTeX2e <2023-11-01> patch level 1
L3 programming layer <2024-01-04>
 ***********


LaTeX Warning: There were undefined references.


LaTeX Warning: Label(s) may have changed. Rerun to get cross-references right.

 ) 
Here is how much of TeX's memory you used:
 7595 strings out of 474486
 186401 string characters out of 5744699
 1980542 words of memory out of 5000000
 29842 multiletter control sequences out of 15000+600000
 560378 words of font info for 44 fonts, out of 8000000 for 9000
 1141 hyphenation exceptions out of 8191
 73i,9n,82p,1137b,530s stack positions out of 10000i,1000n,20000p,200000b,200000s
 <C:\Users\woo\AppData\Local\MiKTeX\fonts/pk/ljfour/jknappen/ec/dpi600\tcrm10
00.pk><C:/Users/woo/AppData/Local/Programs/MiKTeX/fonts/type1/public/amsfonts/c
m/cmbx10.pfb><C:/Users/woo/AppData/Local/Programs/MiKTeX/fonts/type1/public/ams
fonts/cm/cmex10.pfb><C:/Users/woo/AppData/Local/Programs/MiKTeX/fonts/type1/pub
lic/amsfonts/cm/cmmi10.pfb><C:/Users/woo/AppData/Local/Programs/MiKTeX/fonts/ty
pe1/public/amsfonts/cm/cmmi7.pfb><C:/Users/woo/AppData/Local/Programs/MiKTeX/fo
nts/type1/public/amsfonts/cm/cmr10.pfb><C:/Users/woo/AppData/Local/Programs/MiK
TeX/fonts/type1/public/amsfonts/cm/cmr5.pfb><C:/Users/woo/AppData/Local/Program
s/MiKTeX/fonts/type1/public/amsfonts/cm/cmr7.pfb><C:/Users/woo/AppData/Local/Pr
ograms/MiKTeX/fonts/type1/public/amsfonts/cm/cmsy10.pfb><C:/Users/woo/AppData/L
ocal/Programs/MiKTeX/fonts/type1/public/amsfonts/cm/cmsy7.pfb><C:/Users/woo/App
Data/Local/Programs/MiKTeX/fonts/type1/public/amsfonts/cm/cmti10.pfb><C:/Users/
woo/AppData/Local/Programs/MiKTeX/fonts/type1/public/amsfonts/cm/cmti7.pfb><C:/
Users/woo/AppData/Local/Programs/MiKTeX/fonts/type1/public/amsfonts/cm/cmtt10.p
fb>
Output written on draft.pdf (1 page, 167731 bytes).
PDF statistics:
 72 PDF objects out of 1000 (max. 8388607)
 0 named destinations out of 1000 (max. 500000)
 1 words of extra memory for PDF output out of 10000 (max. 10000000)

